# JRE version: Java(TM) SE Runtime Environment (17.0+35) (build 17+35-LTS-2724)
# Java VM: Java HotSpot(TM) 64-Bit Server VM (17+35-LTS-2724, mixed mode, sharing, tiered, compressed oops, compressed class ptrs, g1 gc, windows-amd64)
GC Precious Log:
 CPUs: 8 total, 8 available
 Memory: 16026M
 Large Page Support: Disabled
 NUMA Support: Disabled
 Compressed Oops: Enabled (Zero based)
 Heap Region Size: 2M
 Heap Min Capacity: 8M
 Heap Initial Capacity: 252M
 Heap Max Capacity: 4008M
 Pre-touch: Disabled
 Parallel Workers: 8
 Concurrent Workers: 2
 Concurrent Refinement Workers: 8
 Periodic GC: Disabled
Heap:
 garbage-first heap   total 69632K, used 33825K [0x0000000705800000, 0x0000000800000000)
  region size 2048K, 8 young (16384K), 2 survivors (4096K)
 Metaspace       used 57005K, committed 57344K, reserved 1105920K
  class space    used 7637K, committed 7808K, reserved 1048576K
GC Heap History (20 events):
Event: 1.408 GC heap before
{Heap before GC invocations=2 (full 0):
 garbage-first heap   total 258048K, used 65822K [0x0000000705800000, 0x0000000800000000)
  region size 2048K, 30 young (61440K), 1 survivors (2048K)
 Metaspace       used 16850K, committed 17088K, reserved 1064960K
  class space    used 2135K, committed 2240K, reserved 1048576K
}
Event: 1.411 GC heap after
{Heap after GC invocations=3 (full 0):
 garbage-first heap   total 258048K, used 10042K [0x0000000705800000, 0x0000000800000000)
  region size 2048K, 2 young (4096K), 2 survivors (4096K)
 Metaspace       used 16850K, committed 17088K, reserved 1064960K
  class space    used 2135K, committed 2240K, reserved 1048576K
}
Event: 1.790 GC heap before
{Heap before GC invocations=3 (full 0):
 garbage-first heap   total 258048K, used 36666K [0x0000000705800000, 0x0000000800000000)
  region size 2048K, 16 young (32768K), 2 survivors (4096K)
 Metaspace       used 21303K, committed 21504K, reserved 1073152K
  class space    used 2671K, committed 2752K, reserved 1048576K
}
Event: 1.793 GC heap after
{Heap after GC invocations=4 (full 0):
 garbage-first heap   total 258048K, used 11247K [0x0000000705800000, 0x0000000800000000)
  region size 2048K, 3 young (6144K), 3 survivors (6144K)
 Metaspace       used 21303K, committed 21504K, reserved 1073152K
  class space    used 2671K, committed 2752K, reserved 1048576K
}
Event: 2.433 GC heap before
{Heap before GC invocations=5 (full 0):
 garbage-first heap   total 55296K, used 37871K [0x0000000705800000, 0x0000000800000000)
  region size 2048K, 16 young (32768K), 3 survivors (6144K)
 Metaspace       used 25660K, committed 25856K, reserved 1073152K
  class space    used 3284K, committed 3392K, reserved 1048576K
}
Event: 2.440 GC heap after
{Heap after GC invocations=6 (full 0):
 garbage-first heap   total 55296K, used 13079K [0x0000000705800000, 0x0000000800000000)
  region size 2048K, 2 young (4096K), 2 survivors (4096K)
 Metaspace       used 25660K, committed 25856K, reserved 1073152K
  class space    used 3284K, committed 3392K, reserved 1048576K
}
Event: 2.488 GC heap before
{Heap before GC invocations=6 (full 0):
 garbage-first heap   total 55296K, used 15127K [0x0000000705800000, 0x0000000800000000)
  region size 2048K, 3 young (6144K), 2 survivors (4096K)
 Metaspace       used 25976K, committed 26240K, reserved 1073152K
  class space    used 3335K, committed 3456K, reserved 1048576K
}
Event: 2.494 GC heap after
{Heap after GC invocations=7 (full 0):
 garbage-first heap   total 55296K, used 13771K [0x0000000705800000, 0x0000000800000000)
  region size 2048K, 1 young (2048K), 1 survivors (2048K)
 Metaspace       used 25976K, committed 26240K, reserved 1073152K
  class space    used 3335K, committed 3456K, reserved 1048576K
}
Event: 2.887 GC heap before
{Heap before GC invocations=7 (full 0):
 garbage-first heap   total 55296K, used 34251K [0x0000000705800000, 0x0000000800000000)
  region size 2048K, 12 young (24576K), 1 survivors (2048K)
 Metaspace       used 29502K, committed 29824K, reserved 1081344K
  class space    used 3749K, committed 3904K, reserved 1048576K
}
Event: 2.893 GC heap after
{Heap after GC invocations=8 (full 0):
 garbage-first heap   total 157696K, used 15228K [0x0000000705800000, 0x0000000800000000)
  region size 2048K, 2 young (4096K), 2 survivors (4096K)
 Metaspace       used 29502K, committed 29824K, reserved 1081344K
  class space    used 3749K, committed 3904K, reserved 1048576K
}
Event: 3.555 GC heap before
{Heap before GC invocations=8 (full 0):
 garbage-first heap   total 157696K, used 76668K [0x0000000705800000, 0x0000000800000000)
  region size 2048K, 34 young (69632K), 2 survivors (4096K)
 Metaspace       used 35787K, committed 36096K, reserved 1081344K
  class space    used 4755K, committed 4928K, reserved 1048576K
}
Event: 3.559 GC heap after
{Heap after GC invocations=9 (full 0):
 garbage-first heap   total 157696K, used 16877K [0x0000000705800000, 0x0000000800000000)
  region size 2048K, 2 young (4096K), 2 survivors (4096K)
 Metaspace       used 35787K, committed 36096K, reserved 1081344K
  class space    used 4755K, committed 4928K, reserved 1048576K
}
Event: 4.524 GC heap before
{Heap before GC invocations=10 (full 0):
 garbage-first heap   total 69632K, used 53741K [0x0000000705800000, 0x0000000800000000)
  region size 2048K, 20 young (40960K), 2 survivors (4096K)
 Metaspace       used 45461K, committed 45760K, reserved 1089536K
  class space    used 6109K, committed 6272K, reserved 1048576K
}
Event: 4.528 GC heap after
{Heap after GC invocations=11 (full 0):
 garbage-first heap   total 69632K, used 19217K [0x0000000705800000, 0x0000000800000000)
  region size 2048K, 3 young (6144K), 3 survivors (6144K)
 Metaspace       used 45461K, committed 45760K, reserved 1089536K
  class space    used 6109K, committed 6272K, reserved 1048576K
}
Event: 4.586 GC heap before
{Heap before GC invocations=11 (full 0):
 garbage-first heap   total 69632K, used 21265K [0x0000000705800000, 0x0000000800000000)
  region size 2048K, 4 young (8192K), 3 survivors (6144K)
 Metaspace       used 45990K, committed 46400K, reserved 1089536K
  class space    used 6199K, committed 6400K, reserved 1048576K
}
Event: 4.589 GC heap after
{Heap after GC invocations=12 (full 0):
 garbage-first heap   total 69632K, used 19443K [0x0000000705800000, 0x0000000800000000)
  region size 2048K, 1 young (2048K), 1 survivors (2048K)
 Metaspace       used 45990K, committed 46400K, reserved 1089536K
  class space    used 6199K, committed 6400K, reserved 1048576K
}
Event: 5.085 GC heap before
{Heap before GC invocations=12 (full 0):
 garbage-first heap   total 69632K, used 50163K [0x0000000705800000, 0x0000000800000000)
  region size 2048K, 16 young (32768K), 1 survivors (2048K)
 Metaspace       used 49889K, committed 50240K, reserved 1097728K
  class space    used 6714K, committed 6912K, reserved 1048576K
}
Event: 5.087 GC heap after
{Heap after GC invocations=13 (full 0):
 garbage-first heap   total 69632K, used 21040K [0x0000000705800000, 0x0000000800000000)
  region size 2048K, 2 young (4096K), 2 survivors (4096K)
 Metaspace       used 49889K, committed 50240K, reserved 1097728K
  class space    used 6714K, committed 6912K, reserved 1048576K
}
Event: 20.320 GC heap before
{Heap before GC invocations=13 (full 0):
 garbage-first heap   total 69632K, used 47664K [0x0000000705800000, 0x0000000800000000)
  region size 2048K, 16 young (32768K), 2 survivors (4096K)
 Metaspace       used 54007K, committed 54336K, reserved 1097728K
  class space    used 7237K, committed 7424K, reserved 1048576K
}
Event: 20.326 GC heap after
{Heap after GC invocations=14 (full 0):
 garbage-first heap   total 69632K, used 23585K [0x0000000705800000, 0x0000000800000000)
  region size 2048K, 2 young (4096K), 2 survivors (4096K)
 Metaspace       used 54007K, committed 54336K, reserved 1097728K
  class space    used 7237K, committed 7424K, reserved 1048576K
}

